2023-08-16 13:08:565 INFO  ManageBrowser :39 - FireFox Browser Launch.....
2023-08-16 13:08:740 INFO  HomePage :42 - Accepting the Cookies on the page
2023-08-16 13:08:427 INFO  HomePage :48 - Clicking on the HamBurger Menu
2023-08-16 13:08:566 INFO  ManageBrowser :39 - FireFox Browser Launch.....
2023-08-16 13:08:76 INFO  HomePage :42 - Accepting the Cookies on the page
2023-08-16 13:08:118 INFO  HomePage :48 - Clicking on the HamBurger Menu
2023-08-16 13:08:527 INFO  HomePage :54 - selecting the search bar option
2023-08-16 13:08:938 INFO  HomePage :60 - Entering the text 'Casino' in the search field
2023-08-16 13:08:173 INFO  HomePage :66 - selecting the desired game
2023-08-16 13:08:187 INFO  HomePage :72 - Verifying the name of the desired game
2023-08-16 13:08:269 INFO  ManageBrowser :39 - FireFox Browser Launch.....
2023-08-16 13:08:867 INFO  HomePage :42 - Accepting the Cookies on the page
2023-08-16 13:08:784 INFO  HomePage :48 - Clicking on the HamBurger Menu
2023-08-16 13:08:865 INFO  ManageBrowser :39 - FireFox Browser Launch.....
2023-08-16 13:08:408 INFO  HomePage :42 - Accepting the Cookies on the page
2023-08-16 13:08:196 INFO  HomePage :48 - Clicking on the HamBurger Menu
2023-08-16 13:08:523 INFO  HomePage :54 - selecting the search bar option
2023-08-16 13:08:946 INFO  HomePage :60 - Entering the text 'Casino' in the search field
2023-08-16 13:08:178 INFO  HomePage :66 - selecting the desired game
2023-08-16 13:08:155 INFO  HomePage :72 - Verifying the name of the desired game
2023-08-16 14:08:714 INFO  ManageBrowser :39 - FireFox Browser Launch.....
2023-08-16 14:08:959 INFO  HomePage :42 - Accepting the Cookies on the page
2023-08-16 14:08:275 INFO  HomePage :48 - Clicking on the HamBurger Menu
2023-08-16 14:08:867 INFO  ManageBrowser :39 - FireFox Browser Launch.....
2023-08-16 14:08:664 INFO  HomePage :42 - Accepting the Cookies on the page
2023-08-16 14:08:217 INFO  HomePage :48 - Clicking on the HamBurger Menu
2023-08-16 14:08:106 INFO  ManageBrowser :39 - FireFox Browser Launch.....
2023-08-16 14:08:234 INFO  HomePage :42 - Accepting the Cookies on the page
2023-08-16 14:08:457 INFO  HomePage :48 - Clicking on the HamBurger Menu
2023-08-16 14:08:391 INFO  ManageBrowser :39 - FireFox Browser Launch.....
2023-08-16 14:08:95 INFO  HomePage :42 - Accepting the Cookies on the page
2023-08-16 14:08:765 INFO  HomePage :48 - Clicking on the HamBurger Menu
2023-08-16 14:08:525 INFO  ManageBrowser :39 - FireFox Browser Launch.....
2023-08-16 14:08:577 INFO  HomePage :42 - Accepting the Cookies on the page
2023-08-16 14:08:946 INFO  HomePage :48 - Clicking on the HamBurger Menu
2023-08-16 14:08:354 INFO  ManageBrowser :39 - FireFox Browser Launch.....
2023-08-16 14:08:735 INFO  HomePage :43 - Accepting the Cookies on the page
2023-08-16 14:08:74 INFO  HomePage :50 - Clicking on the HamBurger Menu
2023-08-16 14:08:726 INFO  ManageBrowser :39 - FireFox Browser Launch.....
2023-08-16 14:08:73 INFO  HomePage :43 - Accepting the Cookies on the page
2023-08-16 14:08:165 INFO  HomePage :50 - Clicking on the HamBurger Menu
2023-08-16 14:08:368 INFO  ManageBrowser :39 - FireFox Browser Launch.....
2023-08-16 14:08:675 INFO  HomePage :43 - Accepting the Cookies on the page
2023-08-16 14:08:935 INFO  HomePage :50 - Clicking on the HamBurger Menu
2023-08-16 14:08:225 INFO  ManageBrowser :39 - FireFox Browser Launch.....
2023-08-16 14:08:467 INFO  HomePage :43 - Accepting the Cookies on the page
2023-08-16 14:08:318 INFO  HomePage :50 - Clicking on the HamBurger Menu
2023-08-16 14:08:719 INFO  HomePage :57 - selecting the search bar option
2023-08-16 14:08:78 INFO  HomePage :64 - Entering the text 'Casino' in the search field
2023-08-16 14:08:300 INFO  HomePage :71 - selecting the desired game
2023-08-16 14:08:626 INFO  HomePage :78 - Verifying the name of the desired game
2023-08-16 14:08:960 INFO  ManageBrowser :39 - FireFox Browser Launch.....
2023-08-16 14:08:529 INFO  HomePage :43 - Accepting the Cookies on the page
2023-08-16 14:08:920 INFO  HomePage :50 - Clicking on the HamBurger Menu
2023-08-16 14:08:710 INFO  ManageBrowser :39 - FireFox Browser Launch.....
2023-08-16 14:08:60 INFO  HomePage :43 - Accepting the Cookies on the page
2023-08-16 14:08:32 INFO  HomePage :50 - Clicking on the HamBurger Menu
2023-08-16 14:08:530 INFO  ManageBrowser :39 - FireFox Browser Launch.....
2023-08-16 14:08:181 INFO  HomePage :43 - Accepting the Cookies on the page
2023-08-16 14:08:24 INFO  HomePage :50 - Clicking on the HamBurger Menu
2023-08-16 14:08:56 INFO  ManageBrowser :39 - FireFox Browser Launch.....
2023-08-16 14:08:54 INFO  HomePage :43 - Accepting the Cookies on the page
2023-08-16 14:08:819 INFO  HomePage :50 - Clicking on the HamBurger Menu
2023-08-16 14:08:522 INFO  ManageBrowser :39 - FireFox Browser Launch.....
2023-08-16 14:08:755 INFO  HomePage :43 - Accepting the Cookies on the page
2023-08-16 14:08:952 INFO  HomePage :50 - Clicking on the HamBurger Menu
2023-08-16 14:08:341 INFO  HomePage :57 - selecting the search bar option
2023-08-16 14:08:776 INFO  HomePage :64 - Entering the text 'Casino' in the search field
2023-08-16 14:08:978 INFO  HomePage :71 - selecting the desired game
2023-08-16 14:08:23 INFO  HomePage :78 - Verifying the name of the desired game
2023-08-16 15:08:72 INFO  ManageBrowser :39 - FireFox Browser Launch.....
2023-08-16 15:08:652 INFO  HomePage :43 - Accepting the Cookies on the page
2023-08-16 15:08:880 INFO  HomePage :50 - Clicking on the HamBurger Menu
2023-08-16 15:08:702 INFO  HomePage :57 - selecting the search bar option
2023-08-16 15:08:436 INFO  HomePage :64 - Entering the text 'Casino' in the search field
2023-08-16 15:08:743 INFO  HomePage :71 - selecting the desired game
2023-08-16 15:08:327 INFO  HomePage :78 - Verifying the name of the desired game
2023-08-16 15:08:849 INFO  ManageBrowser :39 - FireFox Browser Launch.....
2023-08-16 15:08:418 INFO  HomePage :43 - Accepting the Cookies on the page
2023-08-16 15:08:224 INFO  HomePage :50 - Clicking on the HamBurger Menu
2023-08-16 15:08:906 INFO  HomePage :57 - selecting the search bar option
2023-08-16 15:08:43 INFO  HomePage :64 - Entering the text 'Casino' in the search field
2023-08-16 15:08:130 INFO  HomePage :71 - selecting the desired game
2023-08-16 15:08:869 INFO  HomePage :78 - Verifying the name of the desired game
2023-08-16 15:08:629 INFO  ManageBrowser :39 - FireFox Browser Launch.....
2023-08-16 15:08:579 INFO  HomePage :43 - Accepting the Cookies on the page
2023-08-16 15:08:587 INFO  HomePage :50 - Clicking on the HamBurger Menu
2023-08-16 15:08:501 INFO  HomePage :57 - selecting the search bar option
2023-08-16 15:08:68 INFO  HomePage :64 - Entering the text 'Casino' in the search field
2023-08-16 15:08:906 INFO  HomePage :71 - selecting the desired game
2023-08-16 15:08:564 INFO  HomePage :78 - Verifying the name of the desired game
2023-08-16 15:08:01 INFO  ManageBrowser :39 - FireFox Browser Launch.....
2023-08-16 15:08:512 INFO  HomePage :43 - Accepting the Cookies on the page
2023-08-16 15:08:319 INFO  HomePage :50 - Clicking on the HamBurger Menu
2023-08-16 15:08:806 INFO  HomePage :57 - selecting the search bar option
2023-08-16 15:08:276 INFO  HomePage :64 - Entering the text 'Casino' in the search field
2023-08-16 15:08:357 INFO  HomePage :71 - selecting the desired game
2023-08-16 15:08:138 INFO  HomePage :78 - Verifying the name of the desired game
2023-08-17 00:08:564 INFO  ManageBrowser :39 - FireFox Browser Launch.....
2023-08-17 00:08:387 INFO  HomePage :43 - Accepting the Cookies on the page
2023-08-17 00:08:870 INFO  HomePage :50 - Clicking on the HamBurger Menu
2023-08-17 00:08:890 INFO  HomePage :57 - selecting the search bar option
2023-08-17 00:08:317 INFO  HomePage :64 - Entering the text 'Casino' in the search field
2023-08-17 00:08:524 INFO  HomePage :71 - selecting the desired game
2023-08-17 00:08:231 INFO  HomePage :78 - Verifying the name of the desired game
2023-08-17 00:08:322 INFO  ManageBrowser :39 - FireFox Browser Launch.....
2023-08-17 00:08:195 INFO  HomePage :43 - Accepting the Cookies on the page
2023-08-17 00:08:722 INFO  HomePage :50 - Clicking on the HamBurger Menu
2023-08-17 00:08:828 INFO  HomePage :57 - selecting the search bar option
2023-08-17 00:08:947 INFO  HomePage :64 - Entering the text 'Casino' in the search field
2023-08-17 00:08:948 INFO  HomePage :71 - selecting the desired game
2023-08-17 00:08:99 INFO  HomePage :78 - Verifying the name of the desired game
